Started GET "/" for ::1 at 2019-05-24 17:37:45 +0100
Processing by Rails::WelcomeController#index as HTML
  Rendering /Users/student/.rvm/gems/ruby-2.6.0/gems/railties-5.2.3/lib/rails/templates/rails/welcome/index.html.erb
  Rendered /Users/student/.rvm/gems/ruby-2.6.0/gems/railties-5.2.3/lib/rails/templates/rails/welcome/index.html.erb (9.4ms)
Completed 200 OK in 40ms (Views: 18.6ms | ActiveRecord: 0.0ms)


Started GET "/" for ::1 at 2019-05-24 17:57:15 +0100
Processing by UsersController#new as HTML
  Rendering users/new.html.erb within layouts/application
  Rendered users/new.html.erb within layouts/application (1.6ms)
Completed 200 OK in 1582ms (Views: 1571.5ms | ActiveRecord: 0.0ms)


Started GET "/" for ::1 at 2019-05-24 18:03:00 +0100
Processing by UsersController#new as HTML
  Rendering users/new.html.erb within layouts/application
  Rendered users/new.html.erb within layouts/application (1.4ms)
Completed 200 OK in 383ms (Views: 365.5ms | ActiveRecord: 0.0ms)


Started GET "/posts/new" for ::1 at 2019-05-25 13:53:58 +0100
  
ActiveRecord::NoDatabaseError (FATAL:  database "insta_development" does not exist
):
  
activerecord (5.2.3) lib/active_record/connection_adapters/postgresql_adapter.rb:696:in `rescue in connect'
activerecord (5.2.3) lib/active_record/connection_adapters/postgresql_adapter.rb:691:in `connect'
activerecord (5.2.3) lib/active_record/connection_adapters/postgresql_adapter.rb:223:in `initialize'
activerecord (5.2.3) lib/active_record/connection_adapters/postgresql_adapter.rb:48:in `new'
activerecord (5.2.3) lib/active_record/connection_adapters/postgresql_adapter.rb:48:in `postgresql_connection'
activerecord (5.2.3) lib/active_record/connection_adapters/abstract/connection_pool.rb:811:in `new_connection'
activerecord (5.2.3) lib/active_record/connection_adapters/abstract/connection_pool.rb:855:in `checkout_new_connection'
activerecord (5.2.3) lib/active_record/connection_adapters/abstract/connection_pool.rb:834:in `try_to_checkout_new_connection'
activerecord (5.2.3) lib/active_record/connection_adapters/abstract/connection_pool.rb:795:in `acquire_connection'
activerecord (5.2.3) lib/active_record/connection_adapters/abstract/connection_pool.rb:523:in `checkout'
activerecord (5.2.3) lib/active_record/connection_adapters/abstract/connection_pool.rb:382:in `connection'
activerecord (5.2.3) lib/active_record/connection_adapters/abstract/connection_pool.rb:1014:in `retrieve_connection'
activerecord (5.2.3) lib/active_record/connection_handling.rb:118:in `retrieve_connection'
activerecord (5.2.3) lib/active_record/connection_handling.rb:90:in `connection'
activerecord (5.2.3) lib/active_record/migration.rb:554:in `call'
actionpack (5.2.3) lib/action_dispatch/middleware/callbacks.rb:28:in `block in call'
activesupport (5.2.3) lib/active_support/callbacks.rb:98:in `run_callbacks'
actionpack (5.2.3) lib/action_dispatch/middleware/callbacks.rb:26:in `call'
actionpack (5.2.3) lib/action_dispatch/middleware/executor.rb:14:in `call'
actionpack (5.2.3) lib/action_dispatch/middleware/debug_exceptions.rb:61:in `call'
web-console (3.7.0) lib/web_console/middleware.rb:135:in `call_app'
web-console (3.7.0) lib/web_console/middleware.rb:30:in `block in call'
web-console (3.7.0) lib/web_console/middleware.rb:20:in `catch'
web-console (3.7.0) lib/web_console/middleware.rb:20:in `call'
actionpack (5.2.3) lib/action_dispatch/middleware/show_exceptions.rb:33:in `call'
railties (5.2.3) lib/rails/rack/logger.rb:38:in `call_app'
railties (5.2.3) lib/rails/rack/logger.rb:26:in `block in call'
activesupport (5.2.3) lib/active_support/tagged_logging.rb:71:in `block in tagged'
activesupport (5.2.3) lib/active_support/tagged_logging.rb:28:in `tagged'
activesupport (5.2.3) lib/active_support/tagged_logging.rb:71:in `tagged'
railties (5.2.3) lib/rails/rack/logger.rb:26:in `call'
sprockets-rails (3.2.1) lib/sprockets/rails/quiet_assets.rb:13:in `call'
actionpack (5.2.3) lib/action_dispatch/middleware/remote_ip.rb:81:in `call'
actionpack (5.2.3) lib/action_dispatch/middleware/request_id.rb:27:in `call'
rack (2.0.7) lib/rack/method_override.rb:22:in `call'
rack (2.0.7) lib/rack/runtime.rb:22:in `call'
activesupport (5.2.3) lib/active_support/cache/strategy/local_cache_middleware.rb:29:in `call'
actionpack (5.2.3) lib/action_dispatch/middleware/executor.rb:14:in `call'
actionpack (5.2.3) lib/action_dispatch/middleware/static.rb:127:in `call'
rack (2.0.7) lib/rack/sendfile.rb:111:in `call'
railties (5.2.3) lib/rails/engine.rb:524:in `call'
puma (3.12.1) lib/puma/configuration.rb:227:in `call'
puma (3.12.1) lib/puma/server.rb:660:in `handle_request'
puma (3.12.1) lib/puma/server.rb:474:in `process_client'
puma (3.12.1) lib/puma/server.rb:334:in `block in run'
puma (3.12.1) lib/puma/thread_pool.rb:135:in `block in spawn_thread'
Started GET "/posts/new" for ::1 at 2019-05-25 14:59:17 +0100
  
ActiveRecord::NoDatabaseError (FATAL:  database "insta_development" does not exist
):
  
activerecord (5.2.3) lib/active_record/connection_adapters/postgresql_adapter.rb:696:in `rescue in connect'
activerecord (5.2.3) lib/active_record/connection_adapters/postgresql_adapter.rb:691:in `connect'
activerecord (5.2.3) lib/active_record/connection_adapters/postgresql_adapter.rb:223:in `initialize'
activerecord (5.2.3) lib/active_record/connection_adapters/postgresql_adapter.rb:48:in `new'
activerecord (5.2.3) lib/active_record/connection_adapters/postgresql_adapter.rb:48:in `postgresql_connection'
activerecord (5.2.3) lib/active_record/connection_adapters/abstract/connection_pool.rb:811:in `new_connection'
activerecord (5.2.3) lib/active_record/connection_adapters/abstract/connection_pool.rb:855:in `checkout_new_connection'
activerecord (5.2.3) lib/active_record/connection_adapters/abstract/connection_pool.rb:834:in `try_to_checkout_new_connection'
activerecord (5.2.3) lib/active_record/connection_adapters/abstract/connection_pool.rb:795:in `acquire_connection'
activerecord (5.2.3) lib/active_record/connection_adapters/abstract/connection_pool.rb:523:in `checkout'
activerecord (5.2.3) lib/active_record/connection_adapters/abstract/connection_pool.rb:382:in `connection'
activerecord (5.2.3) lib/active_record/connection_adapters/abstract/connection_pool.rb:1014:in `retrieve_connection'
activerecord (5.2.3) lib/active_record/connection_handling.rb:118:in `retrieve_connection'
activerecord (5.2.3) lib/active_record/connection_handling.rb:90:in `connection'
activerecord (5.2.3) lib/active_record/migration.rb:554:in `call'
actionpack (5.2.3) lib/action_dispatch/middleware/callbacks.rb:28:in `block in call'
activesupport (5.2.3) lib/active_support/callbacks.rb:98:in `run_callbacks'
actionpack (5.2.3) lib/action_dispatch/middleware/callbacks.rb:26:in `call'
actionpack (5.2.3) lib/action_dispatch/middleware/executor.rb:14:in `call'
actionpack (5.2.3) lib/action_dispatch/middleware/debug_exceptions.rb:61:in `call'
web-console (3.7.0) lib/web_console/middleware.rb:135:in `call_app'
web-console (3.7.0) lib/web_console/middleware.rb:30:in `block in call'
web-console (3.7.0) lib/web_console/middleware.rb:20:in `catch'
web-console (3.7.0) lib/web_console/middleware.rb:20:in `call'
actionpack (5.2.3) lib/action_dispatch/middleware/show_exceptions.rb:33:in `call'
railties (5.2.3) lib/rails/rack/logger.rb:38:in `call_app'
railties (5.2.3) lib/rails/rack/logger.rb:26:in `block in call'
activesupport (5.2.3) lib/active_support/tagged_logging.rb:71:in `block in tagged'
activesupport (5.2.3) lib/active_support/tagged_logging.rb:28:in `tagged'
activesupport (5.2.3) lib/active_support/tagged_logging.rb:71:in `tagged'
railties (5.2.3) lib/rails/rack/logger.rb:26:in `call'
sprockets-rails (3.2.1) lib/sprockets/rails/quiet_assets.rb:13:in `call'
actionpack (5.2.3) lib/action_dispatch/middleware/remote_ip.rb:81:in `call'
actionpack (5.2.3) lib/action_dispatch/middleware/request_id.rb:27:in `call'
rack (2.0.7) lib/rack/method_override.rb:22:in `call'
rack (2.0.7) lib/rack/runtime.rb:22:in `call'
activesupport (5.2.3) lib/active_support/cache/strategy/local_cache_middleware.rb:29:in `call'
actionpack (5.2.3) lib/action_dispatch/middleware/executor.rb:14:in `call'
actionpack (5.2.3) lib/action_dispatch/middleware/static.rb:127:in `call'
rack (2.0.7) lib/rack/sendfile.rb:111:in `call'
railties (5.2.3) lib/rails/engine.rb:524:in `call'
puma (3.12.1) lib/puma/configuration.rb:227:in `call'
puma (3.12.1) lib/puma/server.rb:660:in `handle_request'
puma (3.12.1) lib/puma/server.rb:474:in `process_client'
puma (3.12.1) lib/puma/server.rb:334:in `block in run'
puma (3.12.1) lib/puma/thread_pool.rb:135:in `block in spawn_thread'
Started GET "/posts/show" for ::1 at 2019-05-25 15:00:08 +0100
  
ActiveRecord::NoDatabaseError (FATAL:  database "insta_development" does not exist
):
  
activerecord (5.2.3) lib/active_record/connection_adapters/postgresql_adapter.rb:696:in `rescue in connect'
activerecord (5.2.3) lib/active_record/connection_adapters/postgresql_adapter.rb:691:in `connect'
activerecord (5.2.3) lib/active_record/connection_adapters/postgresql_adapter.rb:223:in `initialize'
activerecord (5.2.3) lib/active_record/connection_adapters/postgresql_adapter.rb:48:in `new'
activerecord (5.2.3) lib/active_record/connection_adapters/postgresql_adapter.rb:48:in `postgresql_connection'
activerecord (5.2.3) lib/active_record/connection_adapters/abstract/connection_pool.rb:811:in `new_connection'
activerecord (5.2.3) lib/active_record/connection_adapters/abstract/connection_pool.rb:855:in `checkout_new_connection'
activerecord (5.2.3) lib/active_record/connection_adapters/abstract/connection_pool.rb:834:in `try_to_checkout_new_connection'
activerecord (5.2.3) lib/active_record/connection_adapters/abstract/connection_pool.rb:795:in `acquire_connection'
activerecord (5.2.3) lib/active_record/connection_adapters/abstract/connection_pool.rb:523:in `checkout'
activerecord (5.2.3) lib/active_record/connection_adapters/abstract/connection_pool.rb:382:in `connection'
activerecord (5.2.3) lib/active_record/connection_adapters/abstract/connection_pool.rb:1014:in `retrieve_connection'
activerecord (5.2.3) lib/active_record/connection_handling.rb:118:in `retrieve_connection'
activerecord (5.2.3) lib/active_record/connection_handling.rb:90:in `connection'
activerecord (5.2.3) lib/active_record/migration.rb:554:in `call'
actionpack (5.2.3) lib/action_dispatch/middleware/callbacks.rb:28:in `block in call'
activesupport (5.2.3) lib/active_support/callbacks.rb:98:in `run_callbacks'
actionpack (5.2.3) lib/action_dispatch/middleware/callbacks.rb:26:in `call'
actionpack (5.2.3) lib/action_dispatch/middleware/executor.rb:14:in `call'
actionpack (5.2.3) lib/action_dispatch/middleware/debug_exceptions.rb:61:in `call'
web-console (3.7.0) lib/web_console/middleware.rb:135:in `call_app'
web-console (3.7.0) lib/web_console/middleware.rb:30:in `block in call'
web-console (3.7.0) lib/web_console/middleware.rb:20:in `catch'
web-console (3.7.0) lib/web_console/middleware.rb:20:in `call'
actionpack (5.2.3) lib/action_dispatch/middleware/show_exceptions.rb:33:in `call'
railties (5.2.3) lib/rails/rack/logger.rb:38:in `call_app'
railties (5.2.3) lib/rails/rack/logger.rb:26:in `block in call'
activesupport (5.2.3) lib/active_support/tagged_logging.rb:71:in `block in tagged'
activesupport (5.2.3) lib/active_support/tagged_logging.rb:28:in `tagged'
activesupport (5.2.3) lib/active_support/tagged_logging.rb:71:in `tagged'
railties (5.2.3) lib/rails/rack/logger.rb:26:in `call'
sprockets-rails (3.2.1) lib/sprockets/rails/quiet_assets.rb:13:in `call'
actionpack (5.2.3) lib/action_dispatch/middleware/remote_ip.rb:81:in `call'
actionpack (5.2.3) lib/action_dispatch/middleware/request_id.rb:27:in `call'
rack (2.0.7) lib/rack/method_override.rb:22:in `call'
rack (2.0.7) lib/rack/runtime.rb:22:in `call'
activesupport (5.2.3) lib/active_support/cache/strategy/local_cache_middleware.rb:29:in `call'
actionpack (5.2.3) lib/action_dispatch/middleware/executor.rb:14:in `call'
actionpack (5.2.3) lib/action_dispatch/middleware/static.rb:127:in `call'
rack (2.0.7) lib/rack/sendfile.rb:111:in `call'
railties (5.2.3) lib/rails/engine.rb:524:in `call'
puma (3.12.1) lib/puma/configuration.rb:227:in `call'
puma (3.12.1) lib/puma/server.rb:660:in `handle_request'
puma (3.12.1) lib/puma/server.rb:474:in `process_client'
puma (3.12.1) lib/puma/server.rb:334:in `block in run'
puma (3.12.1) lib/puma/thread_pool.rb:135:in `block in spawn_thread'
  [1m[35m (11.4ms)[0m  [1m[35mDROP DATABASE IF EXISTS "insta_development"[0m
  ↳ /Users/student/.rvm/rubies/ruby-2.6.0/lib/ruby/gems/2.6.0/gems/rake-12.3.2/lib/rake/task.rb:273
  [1m[35m (0.2ms)[0m  [1m[35mDROP DATABASE IF EXISTS "insta_test"[0m
  ↳ /Users/student/.rvm/rubies/ruby-2.6.0/lib/ruby/gems/2.6.0/gems/rake-12.3.2/lib/rake/task.rb:273
  [1m[35m (1000.9ms)[0m  [1m[35mCREATE DATABASE "insta_development" ENCODING = 'unicode'[0m
  ↳ /Users/student/.rvm/rubies/ruby-2.6.0/lib/ruby/gems/2.6.0/gems/rake-12.3.2/lib/rake/task.rb:273
  [1m[35m (927.3ms)[0m  [1m[35mCREATE DATABASE "insta_test" ENCODING = 'unicode'[0m
  ↳ /Users/student/.rvm/rubies/ruby-2.6.0/lib/ruby/gems/2.6.0/gems/rake-12.3.2/lib/rake/task.rb:273
  [1m[35m (36.2ms)[0m  [1m[35mCREATE TABLE "schema_migrations" ("version" character varying NOT NULL PRIMARY KEY)[0m
  ↳ /Users/student/.rvm/rubies/ruby-2.6.0/lib/ruby/gems/2.6.0/gems/rake-12.3.2/lib/rake/task.rb:273
  [1m[35m (30.9ms)[0m  [1m[35mCREATE TABLE "ar_internal_metadata" ("key" character varying NOT NULL PRIMARY KEY, "value" character varying, "created_at" timestamp NOT NULL, "updated_at" timestamp NOT NULL)[0m
  ↳ /Users/student/.rvm/rubies/ruby-2.6.0/lib/ruby/gems/2.6.0/gems/rake-12.3.2/lib/rake/task.rb:273
  [1m[35m (1.0ms)[0m  [1m[34mSELECT pg_try_advisory_lock(560711749012517445)[0m
  ↳ /Users/student/.rvm/rubies/ruby-2.6.0/lib/ruby/gems/2.6.0/gems/rake-12.3.2/lib/rake/task.rb:273
  [1m[35m (0.6ms)[0m  [1m[34mSELECT "schema_migrations"."version" FROM "schema_migrations" ORDER BY "schema_migrations"."version" ASC[0m
  ↳ /Users/student/.rvm/rubies/ruby-2.6.0/lib/ruby/gems/2.6.0/gems/rake-12.3.2/lib/rake/task.rb:273
  [1m[36mActiveRecord::InternalMetadata Load (0.7ms)[0m  [1m[34mSELECT  "ar_internal_metadata".* FROM "ar_internal_metadata" WHERE "ar_internal_metadata"."key" = $1 LIMIT $2[0m  [["key", "environment"], ["LIMIT", 1]]
  ↳ /Users/student/.rvm/rubies/ruby-2.6.0/lib/ruby/gems/2.6.0/gems/rake-12.3.2/lib/rake/task.rb:273
  [1m[35m (0.8ms)[0m  [1m[35mBEGIN[0m
  ↳ /Users/student/.rvm/rubies/ruby-2.6.0/lib/ruby/gems/2.6.0/gems/rake-12.3.2/lib/rake/task.rb:273
  [1m[36mActiveRecord::InternalMetadata Create (66.1ms)[0m  [1m[32mINSERT INTO "ar_internal_metadata" ("key", "value", "created_at", "updated_at") VALUES ($1, $2, $3, $4) RETURNING "key"[0m  [["key", "environment"], ["value", "development"], ["created_at", "2019-05-25 14:06:11.368613"], ["updated_at", "2019-05-25 14:06:11.368613"]]
  ↳ /Users/student/.rvm/rubies/ruby-2.6.0/lib/ruby/gems/2.6.0/gems/rake-12.3.2/lib/rake/task.rb:273
  [1m[35m (11.5ms)[0m  [1m[35mCOMMIT[0m
  ↳ /Users/student/.rvm/rubies/ruby-2.6.0/lib/ruby/gems/2.6.0/gems/rake-12.3.2/lib/rake/task.rb:273
  [1m[35m (0.7ms)[0m  [1m[34mSELECT pg_advisory_unlock(560711749012517445)[0m
  ↳ /Users/student/.rvm/rubies/ruby-2.6.0/lib/ruby/gems/2.6.0/gems/rake-12.3.2/lib/rake/task.rb:273
  [1m[35m (0.4ms)[0m  [1m[34mSELECT "schema_migrations"."version" FROM "schema_migrations" ORDER BY "schema_migrations"."version" ASC[0m
  ↳ /Users/student/.rvm/rubies/ruby-2.6.0/lib/ruby/gems/2.6.0/gems/rake-12.3.2/lib/rake/task.rb:273
Started GET "/posts/new" for ::1 at 2019-05-25 15:06:34 +0100
Processing by PostsController#new as HTML
Completed 500 Internal Server Error in 248ms (ActiveRecord: 34.7ms)


  
ActiveRecord::StatementInvalid (PG::UndefinedTable: ERROR:  relation "posts" does not exist
LINE 8:                WHERE a.attrelid = '"posts"'::regclass
                                          ^
:               SELECT a.attname, format_type(a.atttypid, a.atttypmod),
                     pg_get_expr(d.adbin, d.adrelid), a.attnotnull, a.atttypid, a.atttypmod,
                     c.collname, col_description(a.attrelid, a.attnum) AS comment
                FROM pg_attribute a
                LEFT JOIN pg_attrdef d ON a.attrelid = d.adrelid AND a.attnum = d.adnum
                LEFT JOIN pg_type t ON a.atttypid = t.oid
                LEFT JOIN pg_collation c ON a.attcollation = c.oid AND a.attcollation <> t.typcollation
               WHERE a.attrelid = '"posts"'::regclass
                 AND a.attnum > 0 AND NOT a.attisdropped
               ORDER BY a.attnum
):
  
app/controllers/posts_controller.rb:4:in `new'
Started GET "/posts/show" for ::1 at 2019-05-25 15:06:47 +0100
Processing by PostsController#show as HTML
  Parameters: {"id"=>"show"}
  Rendering posts/show.html.erb within layouts/application
  Rendered posts/show.html.erb within layouts/application (13.1ms)
Completed 500 Internal Server Error in 29ms (ActiveRecord: 0.0ms)


  
ActionView::Template::Error (undefined method `message' for nil:NilClass):
    2: 
    3: <p>
    4:   <strong>Message:</strong>
    5:   <%= @post.message %>
    6: </p>
    7: 
    8: <p>
  
app/views/posts/show.html.erb:5:in `_app_views_posts_show_html_erb__2905231621005646023_70316449476960'
Started GET "/posts/inde" for ::1 at 2019-05-25 15:07:06 +0100
Processing by PostsController#show as HTML
  Parameters: {"id"=>"inde"}
  Rendering posts/show.html.erb within layouts/application
  Rendered posts/show.html.erb within layouts/application (4.5ms)
Completed 500 Internal Server Error in 9ms (ActiveRecord: 0.0ms)


  
ActionView::Template::Error (undefined method `message' for nil:NilClass):
    2: 
    3: <p>
    4:   <strong>Message:</strong>
    5:   <%= @post.message %>
    6: </p>
    7: 
    8: <p>
  
app/views/posts/show.html.erb:5:in `_app_views_posts_show_html_erb__2905231621005646023_70316440583640'
Started GET "/posts/index" for ::1 at 2019-05-25 15:07:08 +0100
Processing by PostsController#show as HTML
  Parameters: {"id"=>"index"}
  Rendering posts/show.html.erb within layouts/application
  Rendered posts/show.html.erb within layouts/application (2.6ms)
Completed 500 Internal Server Error in 8ms (ActiveRecord: 0.0ms)


  
ActionView::Template::Error (undefined method `message' for nil:NilClass):
    2: 
    3: <p>
    4:   <strong>Message:</strong>
    5:   <%= @post.message %>
    6: </p>
    7: 
    8: <p>
  
app/views/posts/show.html.erb:5:in `_app_views_posts_show_html_erb__2905231621005646023_70316434521720'
Started GET "/posts/new" for ::1 at 2019-05-25 15:07:54 +0100
Processing by PostsController#new as HTML
Completed 500 Internal Server Error in 107ms (ActiveRecord: 97.3ms)


  
ActiveRecord::StatementInvalid (PG::UndefinedTable: ERROR:  relation "posts" does not exist
LINE 8:                WHERE a.attrelid = '"posts"'::regclass
                                          ^
:               SELECT a.attname, format_type(a.atttypid, a.atttypmod),
                     pg_get_expr(d.adbin, d.adrelid), a.attnotnull, a.atttypid, a.atttypmod,
                     c.collname, col_description(a.attrelid, a.attnum) AS comment
                FROM pg_attribute a
                LEFT JOIN pg_attrdef d ON a.attrelid = d.adrelid AND a.attnum = d.adnum
                LEFT JOIN pg_type t ON a.atttypid = t.oid
                LEFT JOIN pg_collation c ON a.attcollation = c.oid AND a.attcollation <> t.typcollation
               WHERE a.attrelid = '"posts"'::regclass
                 AND a.attnum > 0 AND NOT a.attisdropped
               ORDER BY a.attnum
):
  
app/controllers/posts_controller.rb:4:in `new'
  [1m[35m (22.1ms)[0m  [1m[34mSELECT pg_try_advisory_lock(560711749012517445)[0m
  ↳ /Users/student/.rvm/rubies/ruby-2.6.0/lib/ruby/gems/2.6.0/gems/rake-12.3.2/lib/rake/task.rb:273
  [1m[35m (2.8ms)[0m  [1m[34mSELECT "schema_migrations"."version" FROM "schema_migrations" ORDER BY "schema_migrations"."version" ASC[0m
  ↳ /Users/student/.rvm/rubies/ruby-2.6.0/lib/ruby/gems/2.6.0/gems/rake-12.3.2/lib/rake/task.rb:273
  [1m[36mActiveRecord::InternalMetadata Load (1.9ms)[0m  [1m[34mSELECT  "ar_internal_metadata".* FROM "ar_internal_metadata" WHERE "ar_internal_metadata"."key" = $1 LIMIT $2[0m  [["key", "environment"], ["LIMIT", 1]]
  ↳ /Users/student/.rvm/rubies/ruby-2.6.0/lib/ruby/gems/2.6.0/gems/rake-12.3.2/lib/rake/task.rb:273
  [1m[35m (0.2ms)[0m  [1m[35mBEGIN[0m
  ↳ /Users/student/.rvm/rubies/ruby-2.6.0/lib/ruby/gems/2.6.0/gems/rake-12.3.2/lib/rake/task.rb:273
  [1m[35m (0.2ms)[0m  [1m[35mCOMMIT[0m
  ↳ /Users/student/.rvm/rubies/ruby-2.6.0/lib/ruby/gems/2.6.0/gems/rake-12.3.2/lib/rake/task.rb:273
  [1m[35m (0.2ms)[0m  [1m[34mSELECT pg_advisory_unlock(560711749012517445)[0m
  ↳ /Users/student/.rvm/rubies/ruby-2.6.0/lib/ruby/gems/2.6.0/gems/rake-12.3.2/lib/rake/task.rb:273
  [1m[35m (0.2ms)[0m  [1m[34mSELECT "schema_migrations"."version" FROM "schema_migrations" ORDER BY "schema_migrations"."version" ASC[0m
  ↳ /Users/student/.rvm/rubies/ruby-2.6.0/lib/ruby/gems/2.6.0/gems/rake-12.3.2/lib/rake/task.rb:273
Started GET "/posts/new" for ::1 at 2019-05-25 15:11:30 +0100
Processing by PostsController#new as HTML
Completed 500 Internal Server Error in 82ms (ActiveRecord: 10.1ms)


  
ActiveRecord::StatementInvalid (PG::UndefinedTable: ERROR:  relation "posts" does not exist
LINE 8:                WHERE a.attrelid = '"posts"'::regclass
                                          ^
:               SELECT a.attname, format_type(a.atttypid, a.atttypmod),
                     pg_get_expr(d.adbin, d.adrelid), a.attnotnull, a.atttypid, a.atttypmod,
                     c.collname, col_description(a.attrelid, a.attnum) AS comment
                FROM pg_attribute a
                LEFT JOIN pg_attrdef d ON a.attrelid = d.adrelid AND a.attnum = d.adnum
                LEFT JOIN pg_type t ON a.atttypid = t.oid
                LEFT JOIN pg_collation c ON a.attcollation = c.oid AND a.attcollation <> t.typcollation
               WHERE a.attrelid = '"posts"'::regclass
                 AND a.attnum > 0 AND NOT a.attisdropped
               ORDER BY a.attnum
):
  
app/controllers/posts_controller.rb:4:in `new'
  [1m[35m (1.6ms)[0m  [1m[35mCREATE DATABASE "insta_development" ENCODING = 'unicode'[0m
  ↳ /Users/student/.rvm/rubies/ruby-2.6.0/lib/ruby/gems/2.6.0/gems/rake-12.3.2/lib/rake/task.rb:273
  [1m[35m (0.6ms)[0m  [1m[35mCREATE DATABASE "insta_test" ENCODING = 'unicode'[0m
  ↳ /Users/student/.rvm/rubies/ruby-2.6.0/lib/ruby/gems/2.6.0/gems/rake-12.3.2/lib/rake/task.rb:273
  [1m[35m (2.9ms)[0m  [1m[34mSELECT "schema_migrations"."version" FROM "schema_migrations" ORDER BY "schema_migrations"."version" ASC[0m
  ↳ /Users/student/.rvm/rubies/ruby-2.6.0/lib/ruby/gems/2.6.0/gems/rake-12.3.2/lib/rake/task.rb:273
  [1m[35m (0.2ms)[0m  [1m[34mSELECT "schema_migrations"."version" FROM "schema_migrations" ORDER BY "schema_migrations"."version" ASC[0m
  ↳ /Users/student/.rvm/rubies/ruby-2.6.0/lib/ruby/gems/2.6.0/gems/rake-12.3.2/lib/rake/task.rb:273
  [1m[35mSQL (13.1ms)[0m  [1m[35mCREATE EXTENSION IF NOT EXISTS "plpgsql"[0m
  ↳ db/schema.rb:16
  [1m[35m (1.0ms)[0m  [1m[34mSELECT "schema_migrations"."version" FROM "schema_migrations" ORDER BY "schema_migrations"."version" ASC[0m
  ↳ db/schema.rb:13
  [1m[35m (30.2ms)[0m  [1m[32mINSERT INTO "schema_migrations" (version) VALUES (0)[0m
  ↳ db/schema.rb:13
  [1m[36mActiveRecord::InternalMetadata Load (0.4ms)[0m  [1m[34mSELECT  "ar_internal_metadata".* FROM "ar_internal_metadata" WHERE "ar_internal_metadata"."key" = $1 LIMIT $2[0m  [["key", "environment"], ["LIMIT", 1]]
  ↳ db/schema.rb:13
  [1m[35m (0.2ms)[0m  [1m[35mBEGIN[0m
  ↳ db/schema.rb:13
  [1m[35m (0.1ms)[0m  [1m[35mCOMMIT[0m
  ↳ db/schema.rb:13
  [1m[36mActiveRecord::InternalMetadata Load (0.2ms)[0m  [1m[34mSELECT  "ar_internal_metadata".* FROM "ar_internal_metadata" WHERE "ar_internal_metadata"."key" = $1 LIMIT $2[0m  [["key", "environment"], ["LIMIT", 1]]
  ↳ /Users/student/.rvm/rubies/ruby-2.6.0/lib/ruby/gems/2.6.0/gems/rake-12.3.2/lib/rake/task.rb:273
  [1m[35m (0.1ms)[0m  [1m[35mBEGIN[0m
  ↳ /Users/student/.rvm/rubies/ruby-2.6.0/lib/ruby/gems/2.6.0/gems/rake-12.3.2/lib/rake/task.rb:273
  [1m[35m (0.1ms)[0m  [1m[35mCOMMIT[0m
  ↳ /Users/student/.rvm/rubies/ruby-2.6.0/lib/ruby/gems/2.6.0/gems/rake-12.3.2/lib/rake/task.rb:273
  [1m[35mSQL (2.1ms)[0m  [1m[35mCREATE EXTENSION IF NOT EXISTS "plpgsql"[0m
  ↳ db/schema.rb:16
  [1m[35m (144.2ms)[0m  [1m[35mCREATE TABLE "schema_migrations" ("version" character varying NOT NULL PRIMARY KEY)[0m
  ↳ db/schema.rb:13
  [1m[35m (2.0ms)[0m  [1m[34mSELECT "schema_migrations"."version" FROM "schema_migrations" ORDER BY "schema_migrations"."version" ASC[0m
  ↳ db/schema.rb:13
  [1m[35m (0.8ms)[0m  [1m[32mINSERT INTO "schema_migrations" (version) VALUES (0)[0m
  ↳ db/schema.rb:13
  [1m[35m (5.1ms)[0m  [1m[35mCREATE TABLE "ar_internal_metadata" ("key" character varying NOT NULL PRIMARY KEY, "value" character varying, "created_at" timestamp NOT NULL, "updated_at" timestamp NOT NULL)[0m
  ↳ db/schema.rb:13
  [1m[36mActiveRecord::InternalMetadata Load (0.4ms)[0m  [1m[34mSELECT  "ar_internal_metadata".* FROM "ar_internal_metadata" WHERE "ar_internal_metadata"."key" = $1 LIMIT $2[0m  [["key", "environment"], ["LIMIT", 1]]
  ↳ db/schema.rb:13
  [1m[35m (0.1ms)[0m  [1m[35mBEGIN[0m
  ↳ db/schema.rb:13
  [1m[36mActiveRecord::InternalMetadata Create (2.4ms)[0m  [1m[32mINSERT INTO "ar_internal_metadata" ("key", "value", "created_at", "updated_at") VALUES ($1, $2, $3, $4) RETURNING "key"[0m  [["key", "environment"], ["value", "development"], ["created_at", "2019-05-25 14:14:22.226863"], ["updated_at", "2019-05-25 14:14:22.226863"]]
  ↳ db/schema.rb:13
  [1m[35m (0.3ms)[0m  [1m[35mCOMMIT[0m
  ↳ db/schema.rb:13
  [1m[36mActiveRecord::InternalMetadata Load (0.2ms)[0m  [1m[34mSELECT  "ar_internal_metadata".* FROM "ar_internal_metadata" WHERE "ar_internal_metadata"."key" = $1 LIMIT $2[0m  [["key", "environment"], ["LIMIT", 1]]
  ↳ /Users/student/.rvm/rubies/ruby-2.6.0/lib/ruby/gems/2.6.0/gems/rake-12.3.2/lib/rake/task.rb:273
  [1m[35m (0.1ms)[0m  [1m[35mBEGIN[0m
  ↳ /Users/student/.rvm/rubies/ruby-2.6.0/lib/ruby/gems/2.6.0/gems/rake-12.3.2/lib/rake/task.rb:273
  [1m[36mActiveRecord::InternalMetadata Update (1.1ms)[0m  [1m[33mUPDATE "ar_internal_metadata" SET "value" = $1, "updated_at" = $2 WHERE "ar_internal_metadata"."key" = $3[0m  [["value", "test"], ["updated_at", "2019-05-25 14:14:22.232948"], ["key", "environment"]]
  ↳ /Users/student/.rvm/rubies/ruby-2.6.0/lib/ruby/gems/2.6.0/gems/rake-12.3.2/lib/rake/task.rb:273
  [1m[35m (0.4ms)[0m  [1m[35mCOMMIT[0m
  ↳ /Users/student/.rvm/rubies/ruby-2.6.0/lib/ruby/gems/2.6.0/gems/rake-12.3.2/lib/rake/task.rb:273
  [1m[35m (0.7ms)[0m  [1m[34mSELECT "schema_migrations"."version" FROM "schema_migrations" ORDER BY "schema_migrations"."version" ASC[0m
  ↳ /Users/student/.rvm/rubies/ruby-2.6.0/lib/ruby/gems/2.6.0/gems/rake-12.3.2/lib/rake/task.rb:273
  [1m[35m (0.3ms)[0m  [1m[34mSELECT pg_try_advisory_lock(560711749012517445)[0m
  ↳ /Users/student/.rvm/rubies/ruby-2.6.0/lib/ruby/gems/2.6.0/gems/rake-12.3.2/lib/rake/task.rb:273
  [1m[35m (0.7ms)[0m  [1m[34mSELECT "schema_migrations"."version" FROM "schema_migrations" ORDER BY "schema_migrations"."version" ASC[0m
  ↳ /Users/student/.rvm/rubies/ruby-2.6.0/lib/ruby/gems/2.6.0/gems/rake-12.3.2/lib/rake/task.rb:273
  [1m[36mActiveRecord::InternalMetadata Load (0.4ms)[0m  [1m[34mSELECT  "ar_internal_metadata".* FROM "ar_internal_metadata" WHERE "ar_internal_metadata"."key" = $1 LIMIT $2[0m  [["key", "environment"], ["LIMIT", 1]]
  ↳ /Users/student/.rvm/rubies/ruby-2.6.0/lib/ruby/gems/2.6.0/gems/rake-12.3.2/lib/rake/task.rb:273
  [1m[35m (0.2ms)[0m  [1m[35mBEGIN[0m
  ↳ /Users/student/.rvm/rubies/ruby-2.6.0/lib/ruby/gems/2.6.0/gems/rake-12.3.2/lib/rake/task.rb:273
  [1m[35m (0.1ms)[0m  [1m[35mCOMMIT[0m
  ↳ /Users/student/.rvm/rubies/ruby-2.6.0/lib/ruby/gems/2.6.0/gems/rake-12.3.2/lib/rake/task.rb:273
  [1m[35m (0.2ms)[0m  [1m[34mSELECT pg_advisory_unlock(560711749012517445)[0m
  ↳ /Users/student/.rvm/rubies/ruby-2.6.0/lib/ruby/gems/2.6.0/gems/rake-12.3.2/lib/rake/task.rb:273
  [1m[35m (0.2ms)[0m  [1m[34mSELECT "schema_migrations"."version" FROM "schema_migrations" ORDER BY "schema_migrations"."version" ASC[0m
  ↳ /Users/student/.rvm/rubies/ruby-2.6.0/lib/ruby/gems/2.6.0/gems/rake-12.3.2/lib/rake/task.rb:273
  [1m[35m (0.3ms)[0m  [1m[34mSELECT pg_try_advisory_lock(560711749012517445)[0m
  ↳ /Users/student/.rvm/rubies/ruby-2.6.0/lib/ruby/gems/2.6.0/gems/rake-12.3.2/lib/rake/task.rb:273
  [1m[35m (7.3ms)[0m  [1m[34mSELECT "schema_migrations"."version" FROM "schema_migrations" ORDER BY "schema_migrations"."version" ASC[0m
  ↳ /Users/student/.rvm/rubies/ruby-2.6.0/lib/ruby/gems/2.6.0/gems/rake-12.3.2/lib/rake/task.rb:273
  [1m[36mActiveRecord::InternalMetadata Load (0.4ms)[0m  [1m[34mSELECT  "ar_internal_metadata".* FROM "ar_internal_metadata" WHERE "ar_internal_metadata"."key" = $1 LIMIT $2[0m  [["key", "environment"], ["LIMIT", 1]]
  ↳ /Users/student/.rvm/rubies/ruby-2.6.0/lib/ruby/gems/2.6.0/gems/rake-12.3.2/lib/rake/task.rb:273
  [1m[35m (0.2ms)[0m  [1m[35mBEGIN[0m
  ↳ /Users/student/.rvm/rubies/ruby-2.6.0/lib/ruby/gems/2.6.0/gems/rake-12.3.2/lib/rake/task.rb:273
  [1m[35m (0.1ms)[0m  [1m[35mCOMMIT[0m
  ↳ /Users/student/.rvm/rubies/ruby-2.6.0/lib/ruby/gems/2.6.0/gems/rake-12.3.2/lib/rake/task.rb:273
  [1m[35m (0.2ms)[0m  [1m[34mSELECT pg_advisory_unlock(560711749012517445)[0m
  ↳ /Users/student/.rvm/rubies/ruby-2.6.0/lib/ruby/gems/2.6.0/gems/rake-12.3.2/lib/rake/task.rb:273
  [1m[35m (0.2ms)[0m  [1m[34mSELECT "schema_migrations"."version" FROM "schema_migrations" ORDER BY "schema_migrations"."version" ASC[0m
  ↳ /Users/student/.rvm/rubies/ruby-2.6.0/lib/ruby/gems/2.6.0/gems/rake-12.3.2/lib/rake/task.rb:273
Started GET "/posts/new" for ::1 at 2019-05-25 15:17:45 +0100
Processing by PostsController#new as HTML
Completed 500 Internal Server Error in 90ms (ActiveRecord: 10.7ms)


  
ActiveRecord::StatementInvalid (PG::UndefinedTable: ERROR:  relation "posts" does not exist
LINE 8:                WHERE a.attrelid = '"posts"'::regclass
                                          ^
:               SELECT a.attname, format_type(a.atttypid, a.atttypmod),
                     pg_get_expr(d.adbin, d.adrelid), a.attnotnull, a.atttypid, a.atttypmod,
                     c.collname, col_description(a.attrelid, a.attnum) AS comment
                FROM pg_attribute a
                LEFT JOIN pg_attrdef d ON a.attrelid = d.adrelid AND a.attnum = d.adnum
                LEFT JOIN pg_type t ON a.atttypid = t.oid
                LEFT JOIN pg_collation c ON a.attcollation = c.oid AND a.attcollation <> t.typcollation
               WHERE a.attrelid = '"posts"'::regclass
                 AND a.attnum > 0 AND NOT a.attisdropped
               ORDER BY a.attnum
):
  
app/controllers/posts_controller.rb:17:in `new'
Started GET "/posts" for ::1 at 2019-05-25 15:17:50 +0100
Processing by PostsController#index as HTML
  Rendering posts/index.html.erb within layouts/application
  [1m[36mPost Load (1.4ms)[0m  [1m[34mSELECT "posts".* FROM "posts"[0m
  ↳ app/views/posts/index.html.erb:16
  Rendered posts/index.html.erb within layouts/application (6.9ms)
Completed 500 Internal Server Error in 27ms (ActiveRecord: 1.4ms)


  
ActionView::Template::Error (PG::UndefinedTable: ERROR:  relation "posts" does not exist
LINE 1: SELECT "posts".* FROM "posts"
                              ^
: SELECT "posts".* FROM "posts"):
    13:   </thead>
    14: 
    15:   <tbody>
    16:     <% @posts.each do |post| %>
    17:       <tr>
    18:         <td><%= post.message %></td>
    19:         <td><%= post.img_url %></td>
  
app/views/posts/index.html.erb:16:in `_app_views_posts_index_html_erb__3613992760598744527_70152280134040'
Started GET "/" for ::1 at 2019-05-25 15:18:03 +0100
Processing by UsersController#new as HTML
  Rendering users/new.html.erb within layouts/application
  Rendered users/new.html.erb within layouts/application (0.4ms)
Completed 200 OK in 457ms (Views: 453.0ms | ActiveRecord: 0.0ms)


Started GET "/posts/index" for ::1 at 2019-05-25 15:18:47 +0100
Processing by PostsController#show as HTML
  Parameters: {"id"=>"index"}
Completed 500 Internal Server Error in 90ms (ActiveRecord: 12.9ms)


  
ActiveRecord::StatementInvalid (PG::UndefinedTable: ERROR:  relation "posts" does not exist
LINE 8:                WHERE a.attrelid = '"posts"'::regclass
                                          ^
:               SELECT a.attname, format_type(a.atttypid, a.atttypmod),
                     pg_get_expr(d.adbin, d.adrelid), a.attnotnull, a.atttypid, a.atttypmod,
                     c.collname, col_description(a.attrelid, a.attnum) AS comment
                FROM pg_attribute a
                LEFT JOIN pg_attrdef d ON a.attrelid = d.adrelid AND a.attnum = d.adnum
                LEFT JOIN pg_type t ON a.atttypid = t.oid
                LEFT JOIN pg_collation c ON a.attcollation = c.oid AND a.attcollation <> t.typcollation
               WHERE a.attrelid = '"posts"'::regclass
                 AND a.attnum > 0 AND NOT a.attisdropped
               ORDER BY a.attnum
):
  
app/controllers/posts_controller.rb:67:in `set_post'
Started GET "/posts/new" for ::1 at 2019-05-25 15:18:55 +0100
Processing by PostsController#new as HTML
Completed 500 Internal Server Error in 2ms (ActiveRecord: 0.9ms)


  
ActiveRecord::StatementInvalid (PG::UndefinedTable: ERROR:  relation "posts" does not exist
LINE 8:                WHERE a.attrelid = '"posts"'::regclass
                                          ^
:               SELECT a.attname, format_type(a.atttypid, a.atttypmod),
                     pg_get_expr(d.adbin, d.adrelid), a.attnotnull, a.atttypid, a.atttypmod,
                     c.collname, col_description(a.attrelid, a.attnum) AS comment
                FROM pg_attribute a
                LEFT JOIN pg_attrdef d ON a.attrelid = d.adrelid AND a.attnum = d.adnum
                LEFT JOIN pg_type t ON a.atttypid = t.oid
                LEFT JOIN pg_collation c ON a.attcollation = c.oid AND a.attcollation <> t.typcollation
               WHERE a.attrelid = '"posts"'::regclass
                 AND a.attnum > 0 AND NOT a.attisdropped
               ORDER BY a.attnum
):
  
app/controllers/posts_controller.rb:17:in `new'
Started GET "/posts/edit" for ::1 at 2019-05-25 15:19:00 +0100
Processing by PostsController#show as HTML
  Parameters: {"id"=>"edit"}
Completed 500 Internal Server Error in 8ms (ActiveRecord: 7.0ms)


  
ActiveRecord::StatementInvalid (PG::UndefinedTable: ERROR:  relation "posts" does not exist
LINE 8:                WHERE a.attrelid = '"posts"'::regclass
                                          ^
:               SELECT a.attname, format_type(a.atttypid, a.atttypmod),
                     pg_get_expr(d.adbin, d.adrelid), a.attnotnull, a.atttypid, a.atttypmod,
                     c.collname, col_description(a.attrelid, a.attnum) AS comment
                FROM pg_attribute a
                LEFT JOIN pg_attrdef d ON a.attrelid = d.adrelid AND a.attnum = d.adnum
                LEFT JOIN pg_type t ON a.atttypid = t.oid
                LEFT JOIN pg_collation c ON a.attcollation = c.oid AND a.attcollation <> t.typcollation
               WHERE a.attrelid = '"posts"'::regclass
                 AND a.attnum > 0 AND NOT a.attisdropped
               ORDER BY a.attnum
):
  
app/controllers/posts_controller.rb:67:in `set_post'
Started GET "/" for ::1 at 2019-05-25 15:19:05 +0100
Processing by UsersController#new as HTML
  Rendering users/new.html.erb within layouts/application
  Rendered users/new.html.erb within layouts/application (0.6ms)
Completed 200 OK in 328ms (Views: 326.0ms | ActiveRecord: 0.0ms)


Started GET "/" for ::1 at 2019-05-25 15:23:56 +0100
Processing by UsersController#new as HTML
  Rendering users/new.html.erb within layouts/application
  Rendered users/new.html.erb within layouts/application (1.5ms)
Completed 200 OK in 49ms (Views: 45.1ms | ActiveRecord: 0.0ms)


Started GET "/posts" for ::1 at 2019-05-25 15:25:13 +0100
Processing by PostsController#index as HTML
  Rendering posts/index.html.erb within layouts/application
  [1m[36mPost Load (13.0ms)[0m  [1m[34mSELECT "posts".* FROM "posts"[0m
  ↳ app/views/posts/index.html.erb:16
  Rendered posts/index.html.erb within layouts/application (23.2ms)
Completed 500 Internal Server Error in 64ms (ActiveRecord: 13.0ms)


  
ActionView::Template::Error (PG::UndefinedTable: ERROR:  relation "posts" does not exist
LINE 1: SELECT "posts".* FROM "posts"
                              ^
: SELECT "posts".* FROM "posts"):
    13:   </thead>
    14: 
    15:   <tbody>
    16:     <% @posts.each do |post| %>
    17:       <tr>
    18:         <td><%= post.message %></td>
    19:         <td><%= post.img_url %></td>
  
app/views/posts/index.html.erb:16:in `_app_views_posts_index_html_erb___547841959317995968_70271347006700'
  [1m[35m (1.4ms)[0m  [1m[34mSELECT "schema_migrations"."version" FROM "schema_migrations" ORDER BY "schema_migrations"."version" ASC[0m
  ↳ /Users/student/.rvm/rubies/ruby-2.6.0/lib/ruby/gems/2.6.0/gems/rake-12.3.2/lib/rake/task.rb:273
  [1m[35m (0.3ms)[0m  [1m[34mSELECT "schema_migrations"."version" FROM "schema_migrations" ORDER BY "schema_migrations"."version" ASC[0m
  ↳ /Users/student/.rvm/rubies/ruby-2.6.0/lib/ruby/gems/2.6.0/gems/rake-12.3.2/lib/rake/task.rb:273
  [1m[35m (252.6ms)[0m  [1m[35mDROP DATABASE IF EXISTS "insta_test"[0m
  ↳ /Users/student/.rvm/rubies/ruby-2.6.0/lib/ruby/gems/2.6.0/gems/rake-12.3.2/lib/rake/task.rb:273
  [1m[35m (961.0ms)[0m  [1m[35mCREATE DATABASE "insta_test" ENCODING = 'unicode'[0m
  ↳ /Users/student/.rvm/rubies/ruby-2.6.0/lib/ruby/gems/2.6.0/gems/rake-12.3.2/lib/rake/task.rb:273
  [1m[35mSQL (1.4ms)[0m  [1m[35mCREATE EXTENSION IF NOT EXISTS "plpgsql"[0m
  ↳ db/schema.rb:16
  [1m[35m (1.1ms)[0m  [1m[35mDROP TABLE IF EXISTS "posts" CASCADE[0m
  ↳ db/schema.rb:18
  [1m[35m (19.5ms)[0m  [1m[35mCREATE TABLE "posts" ("id" bigserial primary key, "message" character varying, "img_url" character varying, "created_at" timestamp NOT NULL, "updated_at" timestamp NOT NULL, "users_id" bigint)[0m
  ↳ db/schema.rb:18
  [1m[35m (1.7ms)[0m  [1m[35mCREATE  INDEX  "index_posts_on_users_id" ON "posts"  ("users_id")[0m
  ↳ db/schema.rb:18
  [1m[35m (0.3ms)[0m  [1m[35mDROP TABLE IF EXISTS "users" CASCADE[0m
  ↳ db/schema.rb:27
  [1m[35m (9.6ms)[0m  [1m[35mCREATE TABLE "users" ("id" bigserial primary key, "firstname" character varying, "lastname" character varying, "email" character varying, "name" character varying, "password" character varying, "created_at" timestamp NOT NULL, "updated_at" timestamp NOT NULL, "password_digest" character varying)[0m
  ↳ db/schema.rb:27
  [1m[35m (3.8ms)[0m  [1m[35mCREATE TABLE "schema_migrations" ("version" character varying NOT NULL PRIMARY KEY)[0m
  ↳ db/schema.rb:13
  [1m[35m (0.6ms)[0m  [1m[34mSELECT "schema_migrations"."version" FROM "schema_migrations" ORDER BY "schema_migrations"."version" ASC[0m
  ↳ db/schema.rb:13
  [1m[35m (1.4ms)[0m  [1m[32mINSERT INTO "schema_migrations" (version) VALUES (0)[0m
  ↳ db/schema.rb:13
  [1m[35m (31.9ms)[0m  [1m[35mCREATE TABLE "ar_internal_metadata" ("key" character varying NOT NULL PRIMARY KEY, "value" character varying, "created_at" timestamp NOT NULL, "updated_at" timestamp NOT NULL)[0m
  ↳ db/schema.rb:13
  [1m[36mActiveRecord::InternalMetadata Load (0.6ms)[0m  [1m[34mSELECT  "ar_internal_metadata".* FROM "ar_internal_metadata" WHERE "ar_internal_metadata"."key" = $1 LIMIT $2[0m  [["key", "environment"], ["LIMIT", 1]]
  ↳ db/schema.rb:13
  [1m[35m (0.2ms)[0m  [1m[35mBEGIN[0m
  ↳ db/schema.rb:13
  [1m[36mActiveRecord::InternalMetadata Create (19.6ms)[0m  [1m[32mINSERT INTO "ar_internal_metadata" ("key", "value", "created_at", "updated_at") VALUES ($1, $2, $3, $4) RETURNING "key"[0m  [["key", "environment"], ["value", "development"], ["created_at", "2019-05-25 14:33:10.974585"], ["updated_at", "2019-05-25 14:33:10.974585"]]
  ↳ db/schema.rb:13
  [1m[35m (5.2ms)[0m  [1m[35mCOMMIT[0m
  ↳ db/schema.rb:13
  [1m[36mActiveRecord::InternalMetadata Load (0.3ms)[0m  [1m[34mSELECT  "ar_internal_metadata".* FROM "ar_internal_metadata" WHERE "ar_internal_metadata"."key" = $1 LIMIT $2[0m  [["key", "environment"], ["LIMIT", 1]]
  ↳ /Users/student/.rvm/rubies/ruby-2.6.0/lib/ruby/gems/2.6.0/gems/rake-12.3.2/lib/rake/task.rb:273
  [1m[35m (0.3ms)[0m  [1m[35mBEGIN[0m
  ↳ /Users/student/.rvm/rubies/ruby-2.6.0/lib/ruby/gems/2.6.0/gems/rake-12.3.2/lib/rake/task.rb:273
  [1m[36mActiveRecord::InternalMetadata Update (6.9ms)[0m  [1m[33mUPDATE "ar_internal_metadata" SET "value" = $1, "updated_at" = $2 WHERE "ar_internal_metadata"."key" = $3[0m  [["value", "test"], ["updated_at", "2019-05-25 14:33:11.006138"], ["key", "environment"]]
  ↳ /Users/student/.rvm/rubies/ruby-2.6.0/lib/ruby/gems/2.6.0/gems/rake-12.3.2/lib/rake/task.rb:273
  [1m[35m (12.2ms)[0m  [1m[35mCOMMIT[0m
  ↳ /Users/student/.rvm/rubies/ruby-2.6.0/lib/ruby/gems/2.6.0/gems/rake-12.3.2/lib/rake/task.rb:273
Started GET "/posts" for ::1 at 2019-05-25 15:33:26 +0100
Processing by PostsController#index as HTML
  Rendering posts/index.html.erb within layouts/application
  [1m[36mPost Load (11.3ms)[0m  [1m[34mSELECT "posts".* FROM "posts"[0m
  ↳ app/views/posts/index.html.erb:16
  Rendered posts/index.html.erb within layouts/application (19.0ms)
Completed 500 Internal Server Error in 119ms (ActiveRecord: 11.3ms)


  
ActionView::Template::Error (PG::UndefinedTable: ERROR:  relation "posts" does not exist
LINE 1: SELECT "posts".* FROM "posts"
                              ^
: SELECT "posts".* FROM "posts"):
    13:   </thead>
    14: 
    15:   <tbody>
    16:     <% @posts.each do |post| %>
    17:       <tr>
    18:         <td><%= post.message %></td>
    19:         <td><%= post.img_url %></td>
  
app/views/posts/index.html.erb:16:in `_app_views_posts_index_html_erb__1033962593104839728_70272216323880'
  [1m[35m (2.2ms)[0m  [1m[34mSELECT "schema_migrations"."version" FROM "schema_migrations" ORDER BY "schema_migrations"."version" ASC[0m
  ↳ /Users/student/.rvm/rubies/ruby-2.6.0/lib/ruby/gems/2.6.0/gems/rake-12.3.2/lib/rake/task.rb:273
  [1m[35m (0.2ms)[0m  [1m[34mSELECT "schema_migrations"."version" FROM "schema_migrations" ORDER BY "schema_migrations"."version" ASC[0m
  ↳ /Users/student/.rvm/rubies/ruby-2.6.0/lib/ruby/gems/2.6.0/gems/rake-12.3.2/lib/rake/task.rb:273
  [1m[35mSQL (19.4ms)[0m  [1m[35mCREATE EXTENSION IF NOT EXISTS "plpgsql"[0m
  ↳ db/schema.rb:16
  [1m[35m (6.4ms)[0m  [1m[35mDROP TABLE IF EXISTS "posts" CASCADE[0m
  ↳ db/schema.rb:18
  [1m[35m (60.1ms)[0m  [1m[35mCREATE TABLE "posts" ("id" bigserial primary key, "message" character varying, "img_url" character varying, "created_at" timestamp NOT NULL, "updated_at" timestamp NOT NULL, "users_id" bigint)[0m
  ↳ db/schema.rb:18
  [1m[35m (1.3ms)[0m  [1m[35mCREATE  INDEX  "index_posts_on_users_id" ON "posts"  ("users_id")[0m
  ↳ db/schema.rb:18
  [1m[35m (0.2ms)[0m  [1m[35mDROP TABLE IF EXISTS "users" CASCADE[0m
  ↳ db/schema.rb:27
  [1m[35m (45.2ms)[0m  [1m[35mCREATE TABLE "users" ("id" bigserial primary key, "firstname" character varying, "lastname" character varying, "email" character varying, "name" character varying, "password" character varying, "created_at" timestamp NOT NULL, "updated_at" timestamp NOT NULL, "password_digest" character varying)[0m
  ↳ db/schema.rb:27
  [1m[35m (0.7ms)[0m  [1m[34mSELECT "schema_migrations"."version" FROM "schema_migrations" ORDER BY "schema_migrations"."version" ASC[0m
  ↳ db/schema.rb:13
  [1m[36mActiveRecord::InternalMetadata Load (12.2ms)[0m  [1m[34mSELECT  "ar_internal_metadata".* FROM "ar_internal_metadata" WHERE "ar_internal_metadata"."key" = $1 LIMIT $2[0m  [["key", "environment"], ["LIMIT", 1]]
  ↳ db/schema.rb:13
  [1m[35m (0.2ms)[0m  [1m[35mBEGIN[0m
  ↳ db/schema.rb:13
  [1m[35m (0.2ms)[0m  [1m[35mCOMMIT[0m
  ↳ db/schema.rb:13
  [1m[36mActiveRecord::InternalMetadata Load (0.3ms)[0m  [1m[34mSELECT  "ar_internal_metadata".* FROM "ar_internal_metadata" WHERE "ar_internal_metadata"."key" = $1 LIMIT $2[0m  [["key", "environment"], ["LIMIT", 1]]
  ↳ /Users/student/.rvm/rubies/ruby-2.6.0/lib/ruby/gems/2.6.0/gems/rake-12.3.2/lib/rake/task.rb:273
  [1m[35m (0.1ms)[0m  [1m[35mBEGIN[0m
  ↳ /Users/student/.rvm/rubies/ruby-2.6.0/lib/ruby/gems/2.6.0/gems/rake-12.3.2/lib/rake/task.rb:273
  [1m[35m (0.1ms)[0m  [1m[35mCOMMIT[0m
  ↳ /Users/student/.rvm/rubies/ruby-2.6.0/lib/ruby/gems/2.6.0/gems/rake-12.3.2/lib/rake/task.rb:273
  [1m[35mSQL (0.4ms)[0m  [1m[35mCREATE EXTENSION IF NOT EXISTS "plpgsql"[0m
  ↳ db/schema.rb:16
  [1m[35m (13.2ms)[0m  [1m[35mDROP TABLE IF EXISTS "posts" CASCADE[0m
  ↳ db/schema.rb:18
  [1m[35m (25.3ms)[0m  [1m[35mCREATE TABLE "posts" ("id" bigserial primary key, "message" character varying, "img_url" character varying, "created_at" timestamp NOT NULL, "updated_at" timestamp NOT NULL, "users_id" bigint)[0m
  ↳ db/schema.rb:18
  [1m[35m (1.1ms)[0m  [1m[35mCREATE  INDEX  "index_posts_on_users_id" ON "posts"  ("users_id")[0m
  ↳ db/schema.rb:18
  [1m[35m (15.0ms)[0m  [1m[35mDROP TABLE IF EXISTS "users" CASCADE[0m
  ↳ db/schema.rb:27
  [1m[35m (44.7ms)[0m  [1m[35mCREATE TABLE "users" ("id" bigserial primary key, "firstname" character varying, "lastname" character varying, "email" character varying, "name" character varying, "password" character varying, "created_at" timestamp NOT NULL, "updated_at" timestamp NOT NULL, "password_digest" character varying)[0m
  ↳ db/schema.rb:27
  [1m[35m (0.9ms)[0m  [1m[34mSELECT "schema_migrations"."version" FROM "schema_migrations" ORDER BY "schema_migrations"."version" ASC[0m
  ↳ db/schema.rb:13
  [1m[36mActiveRecord::InternalMetadata Load (0.4ms)[0m  [1m[34mSELECT  "ar_internal_metadata".* FROM "ar_internal_metadata" WHERE "ar_internal_metadata"."key" = $1 LIMIT $2[0m  [["key", "environment"], ["LIMIT", 1]]
  ↳ db/schema.rb:13
  [1m[35m (0.1ms)[0m  [1m[35mBEGIN[0m
  ↳ db/schema.rb:13
  [1m[36mActiveRecord::InternalMetadata Update (24.6ms)[0m  [1m[33mUPDATE "ar_internal_metadata" SET "value" = $1, "updated_at" = $2 WHERE "ar_internal_metadata"."key" = $3[0m  [["value", "development"], ["updated_at", "2019-05-25 14:34:18.421309"], ["key", "environment"]]
  ↳ db/schema.rb:13
  [1m[35m (0.4ms)[0m  [1m[35mCOMMIT[0m
  ↳ db/schema.rb:13
  [1m[36mActiveRecord::InternalMetadata Load (0.3ms)[0m  [1m[34mSELECT  "ar_internal_metadata".* FROM "ar_internal_metadata" WHERE "ar_internal_metadata"."key" = $1 LIMIT $2[0m  [["key", "environment"], ["LIMIT", 1]]
  ↳ /Users/student/.rvm/rubies/ruby-2.6.0/lib/ruby/gems/2.6.0/gems/rake-12.3.2/lib/rake/task.rb:273
  [1m[35m (0.2ms)[0m  [1m[35mBEGIN[0m
  ↳ /Users/student/.rvm/rubies/ruby-2.6.0/lib/ruby/gems/2.6.0/gems/rake-12.3.2/lib/rake/task.rb:273
  [1m[36mActiveRecord::InternalMetadata Update (0.5ms)[0m  [1m[33mUPDATE "ar_internal_metadata" SET "value" = $1, "updated_at" = $2 WHERE "ar_internal_metadata"."key" = $3[0m  [["value", "test"], ["updated_at", "2019-05-25 14:34:18.452631"], ["key", "environment"]]
  ↳ /Users/student/.rvm/rubies/ruby-2.6.0/lib/ruby/gems/2.6.0/gems/rake-12.3.2/lib/rake/task.rb:273
  [1m[35m (11.8ms)[0m  [1m[35mCOMMIT[0m
  ↳ /Users/student/.rvm/rubies/ruby-2.6.0/lib/ruby/gems/2.6.0/gems/rake-12.3.2/lib/rake/task.rb:273
Started GET "/posts" for ::1 at 2019-05-25 15:34:45 +0100
Processing by PostsController#index as HTML
  Rendering posts/index.html.erb within layouts/application
  [1m[36mPost Load (53.1ms)[0m  [1m[34mSELECT "posts".* FROM "posts"[0m
  ↳ app/views/posts/index.html.erb:16
  Rendered posts/index.html.erb within layouts/application (176.2ms)
Completed 200 OK in 1250ms (Views: 826.1ms | ActiveRecord: 163.9ms)


